2023-10-27T21:41:21.320Z error: 'role_types is not defined\n' +
  'ReferenceError: role_types is not defined\n' +
  '    at UserController.createUser (E:\\toddle_assignment\\controllers\\usersController.js:20:23)\n' +
  '    at E:\\toddle_assignment\\routes\\users.js:5:21\n' +
  '    at Layer.handle [as handle_request] (E:\\toddle_assignment\\node_modules\\express\\lib\\router\\layer.js:95:5)\n' +
  '    at next (E:\\toddle_assignment\\node_modules\\express\\lib\\router\\route.js:144:13)\n' +
  '    at Route.dispatch (E:\\toddle_assignment\\node_modules\\express\\lib\\router\\route.js:114:3)\n' +
  '    at Layer.handle [as handle_request] (E:\\toddle_assignment\\node_modules\\express\\lib\\router\\layer.js:95:5)\n' +
  '    at E:\\toddle_assignment\\node_modules\\express\\lib\\router\\index.js:284:15\n' +
  '    at Function.process_params (E:\\toddle_assignment\\node_modules\\express\\lib\\router\\index.js:346:12)\n' +
  '    at next (E:\\toddle_assignment\\node_modules\\express\\lib\\router\\index.js:280:10)\n' +
  '    at Function.handle (E:\\toddle_assignment\\node_modules\\express\\lib\\router\\index.js:175:3)'
2023-10-27T21:42:51.307Z error: 'password is not defined\n' +
  'ReferenceError: password is not defined\n' +
  '    at usersService.createUser (E:\\toddle_assignment\\services\\usersService.js:9:42)\n' +
  '    at UserController.createUser (E:\\toddle_assignment\\controllers\\usersController.js:28:47)\n' +
  '    at process.processTicksAndRejections (node:internal/process/task_queues:95:5)'
2023-10-27T21:42:51.314Z error: 'Something Went Wrong'
2023-10-27T21:43:29.042Z error: 'role is not defined\n' +
  'ReferenceError: role is not defined\n' +
  '    at usersService.createUser (E:\\toddle_assignment\\services\\usersService.js:14:23)\n' +
  '    at UserController.createUser (E:\\toddle_assignment\\controllers\\usersController.js:28:47)\n' +
  '    at process.processTicksAndRejections (node:internal/process/task_queues:95:5)'
2023-10-27T21:44:10.292Z error: 'users validation failed: password: Cast to string failed for value "Promise { <pending> }" (type Promise) at path "password", role_id: `0` is not a valid enum value for path `role_id`.\n' +
  'ValidationError: users validation failed: password: Cast to string failed for value "Promise { <pending> }" (type Promise) at path "password", role_id: `0` is not a valid enum value for path `role_id`.\n' +
  '    at Document.invalidate (E:\\toddle_assignment\\node_modules\\mongoose\\lib\\document.js:3173:32)\n' +
  '    at model.$set (E:\\toddle_assignment\\node_modules\\mongoose\\lib\\document.js:1453:12)\n' +
  '    at model.$set (E:\\toddle_assignment\\node_modules\\mongoose\\lib\\document.js:1113:16)\n' +
  '    at model.Document (E:\\toddle_assignment\\node_modules\\mongoose\\lib\\document.js:164:12)\n' +
  '    at model.Model (E:\\toddle_assignment\\node_modules\\mongoose\\lib\\model.js:123:12)\n' +
  '    at new model (E:\\toddle_assignment\\node_modules\\mongoose\\lib\\model.js:4707:15)\n' +
  '    at usersService.createUser (E:\\toddle_assignment\\services\\usersService.js:10:29)\n' +
  '    at UserController.createUser (E:\\toddle_assignment\\controllers\\usersController.js:28:47)\n' +
  '    at process.processTicksAndRejections (node:internal/process/task_queues:95:5)'
2023-10-27T21:44:59.402Z error: 'users validation failed: password: Cast to string failed for value "Promise { <pending> }" (type Promise) at path "password"\n' +
  'ValidationError: users validation failed: password: Cast to string failed for value "Promise { <pending> }" (type Promise) at path "password"\n' +
  '    at Document.invalidate (E:\\toddle_assignment\\node_modules\\mongoose\\lib\\document.js:3173:32)\n' +
  '    at model.$set (E:\\toddle_assignment\\node_modules\\mongoose\\lib\\document.js:1453:12)\n' +
  '    at model.$set (E:\\toddle_assignment\\node_modules\\mongoose\\lib\\document.js:1113:16)\n' +
  '    at model.Document (E:\\toddle_assignment\\node_modules\\mongoose\\lib\\document.js:164:12)\n' +
  '    at model.Model (E:\\toddle_assignment\\node_modules\\mongoose\\lib\\model.js:123:12)\n' +
  '    at new model (E:\\toddle_assignment\\node_modules\\mongoose\\lib\\model.js:4707:15)\n' +
  '    at usersService.createUser (E:\\toddle_assignment\\services\\usersService.js:10:29)\n' +
  '    at UserController.createUser (E:\\toddle_assignment\\controllers\\usersController.js:28:47)\n' +
  '    at process.processTicksAndRejections (node:internal/process/task_queues:95:5)'
2023-10-27T21:45:28.033Z error: 'Illegal arguments: string, undefined\n' +
  'Error: Illegal arguments: string, undefined\n' +
  '    at _async (E:\\toddle_assignment\\node_modules\\bcryptjs\\dist\\bcrypt.js:214:46)\n' +
  '    at E:\\toddle_assignment\\node_modules\\bcryptjs\\dist\\bcrypt.js:223:17\n' +
  '    at new Promise (<anonymous>)\n' +
  '    at bcrypt.hash (E:\\toddle_assignment\\node_modules\\bcryptjs\\dist\\bcrypt.js:222:20)\n' +
  '    at usersService.createUser (E:\\toddle_assignment\\services\\usersService.js:9:44)\n' +
  '    at UserController.createUser (E:\\toddle_assignment\\controllers\\usersController.js:28:47)\n' +
  '    at process.processTicksAndRejections (node:internal/process/task_queues:95:5)'
2023-10-27T21:45:28.039Z error: 'Something Went Wrong'
2023-10-27T22:06:11.092Z error: 'bcryptjs is not a function\n' +
  'TypeError: bcryptjs is not a function\n' +
  '    at UserController.loginUser (E:\\toddle_assignment\\controllers\\usersController.js:51:35)\n' +
  '    at process.processTicksAndRejections (node:internal/process/task_queues:95:5)'
2023-10-28T13:51:09.360Z error: 'classroom.findOne is not a function\n' +
  'TypeError: classroom.findOne is not a function\n' +
  '    at classRoomController.removeStudent (E:\\toddle_assignment\\controllers\\classRoomController.js:146:54)\n' +
  '    at process.processTicksAndRejections (node:internal/process/task_queues:95:5)'
2023-10-28T14:03:43.934Z error: 'classroom.update is not a function\n' +
  'TypeError: classroom.update is not a function\n' +
  '    at classRoomController.removeStudent (E:\\toddle_assignment\\controllers\\classRoomController.js:143:29)\n' +
  '    at process.processTicksAndRejections (node:internal/process/task_queues:95:5)'
2023-10-28T19:11:14.196Z error: '_id is not defined\n' +
  'ReferenceError: _id is not defined\n' +
  '    at classRoomController.createClass (E:\\toddle_assignment\\controllers\\classRoomController.js:29:51)\n' +
  '    at process.processTicksAndRejections (node:internal/process/task_queues:95:5)'
2023-10-28T19:11:39.945Z error: `Cast to string failed for value "{ classroom_id: '653d5ceb281265f9b0c100f8' }" (type Object) at path "classroom_ids"\n` +
  `CastError: Cast to string failed for value "{ classroom_id: '653d5ceb281265f9b0c100f8' }" (type Object) at path "classroom_ids"\n` +
  '    at SchemaString.cast (E:\\toddle_assignment\\node_modules\\mongoose\\lib\\schema\\string.js:606:11)\n' +
  '    at SchemaType.applySetters (E:\\toddle_assignment\\node_modules\\mongoose\\lib\\schematype.js:1219:12)\n' +
  '    at Proxy._cast (E:\\toddle_assignment\\node_modules\\mongoose\\lib\\types\\array\\methods\\index.js:250:43)\n' +
  '    at Proxy._mapCast (E:\\toddle_assignment\\node_modules\\mongoose\\lib\\types\\array\\methods\\index.js:263:17)\n' +
  '    at Arguments.map (<anonymous>)\n' +
  '    at Proxy.push (E:\\toddle_assignment\\node_modules\\mongoose\\lib\\types\\array\\methods\\index.js:686:21)\n' +
  '    at classRoomController.createClass (E:\\toddle_assignment\\controllers\\classRoomController.js:29:32)\n' +
  '    at process.processTicksAndRejections (node:internal/process/task_queues:95:5)'
2023-10-28T19:12:24.710Z error: 'Cast to string failed for value "{ classroom_id: new ObjectId("653d5d1899701c7fd676a13b") }" (type Object) at path "classroom_ids"\n' +
  'CastError: Cast to string failed for value "{ classroom_id: new ObjectId("653d5d1899701c7fd676a13b") }" (type Object) at path "classroom_ids"\n' +
  '    at SchemaString.cast (E:\\toddle_assignment\\node_modules\\mongoose\\lib\\schema\\string.js:606:11)\n' +
  '    at SchemaType.applySetters (E:\\toddle_assignment\\node_modules\\mongoose\\lib\\schematype.js:1219:12)\n' +
  '    at Proxy._cast (E:\\toddle_assignment\\node_modules\\mongoose\\lib\\types\\array\\methods\\index.js:250:43)\n' +
  '    at Proxy._mapCast (E:\\toddle_assignment\\node_modules\\mongoose\\lib\\types\\array\\methods\\index.js:263:17)\n' +
  '    at Arguments.map (<anonymous>)\n' +
  '    at Proxy.push (E:\\toddle_assignment\\node_modules\\mongoose\\lib\\types\\array\\methods\\index.js:686:21)\n' +
  '    at classRoomController.createClass (E:\\toddle_assignment\\controllers\\classRoomController.js:29:32)\n' +
  '    at process.processTicksAndRejections (node:internal/process/task_queues:95:5)'
2023-10-28T19:13:00.842Z error: `Cast to string failed for value "{ classroom_id: '653d5d3c04878f03a70ffb24' }" (type Object) at path "classroom_ids"\n` +
  `CastError: Cast to string failed for value "{ classroom_id: '653d5d3c04878f03a70ffb24' }" (type Object) at path "classroom_ids"\n` +
  '    at SchemaString.cast (E:\\toddle_assignment\\node_modules\\mongoose\\lib\\schema\\string.js:606:11)\n' +
  '    at SchemaType.applySetters (E:\\toddle_assignment\\node_modules\\mongoose\\lib\\schematype.js:1219:12)\n' +
  '    at Proxy._cast (E:\\toddle_assignment\\node_modules\\mongoose\\lib\\types\\array\\methods\\index.js:250:43)\n' +
  '    at Proxy._mapCast (E:\\toddle_assignment\\node_modules\\mongoose\\lib\\types\\array\\methods\\index.js:263:17)\n' +
  '    at Arguments.map (<anonymous>)\n' +
  '    at Proxy.push (E:\\toddle_assignment\\node_modules\\mongoose\\lib\\types\\array\\methods\\index.js:686:21)\n' +
  '    at classRoomController.createClass (E:\\toddle_assignment\\controllers\\classRoomController.js:29:32)\n' +
  '    at process.processTicksAndRejections (node:internal/process/task_queues:95:5)'
2023-10-28T19:47:22.857Z error: "Cannot read properties of undefined (reading 'toUpperCase')\n" +
  "TypeError: Cannot read properties of undefined (reading 'toUpperCase')\n" +
  '    at filesController.uploadFile (E:\\toddle_assignment\\controllers\\filesController.js:26:50)\n' +
  '    at E:\\toddle_assignment\\routes\\files.js:54:29\n' +
  '    at done (E:\\toddle_assignment\\node_modules\\multer\\lib\\make-middleware.js:45:7)\n' +
  '    at indicateDone (E:\\toddle_assignment\\node_modules\\multer\\lib\\make-middleware.js:49:68)\n' +
  '    at E:\\toddle_assignment\\node_modules\\multer\\lib\\make-middleware.js:155:11\n' +
  '    at WriteStream.<anonymous> (E:\\toddle_assignment\\node_modules\\multer\\storage\\disk.js:43:9)\n' +
  '    at WriteStream.emit (node:events:523:35)\n' +
  '    at finish (node:internal/streams/writable:757:10)\n' +
  '    at finishMaybe (node:internal/streams/writable:742:9)\n' +
  '    at afterWrite (node:internal/streams/writable:514:3)'
2023-10-28T19:49:17.067Z error: 'The "fileBits" and "fileName" arguments must be specified\n' +
  'TypeError [ERR_MISSING_ARGS]: The "fileBits" and "fileName" arguments must be specified\n' +
  '    at new NodeError (node:internal/errors:405:5)\n' +
  '    at new File (node:internal/file:40:13)\n' +
  '    at filesController.uploadFile (E:\\toddle_assignment\\controllers\\filesController.js:30:29)\n' +
  '    at E:\\toddle_assignment\\routes\\files.js:54:29\n' +
  '    at done (E:\\toddle_assignment\\node_modules\\multer\\lib\\make-middleware.js:45:7)\n' +
  '    at indicateDone (E:\\toddle_assignment\\node_modules\\multer\\lib\\make-middleware.js:49:68)\n' +
  '    at E:\\toddle_assignment\\node_modules\\multer\\lib\\make-middleware.js:155:11\n' +
  '    at WriteStream.<anonymous> (E:\\toddle_assignment\\node_modules\\multer\\storage\\disk.js:43:9)\n' +
  '    at WriteStream.emit (node:events:523:35)\n' +
  '    at finish (node:internal/streams/writable:757:10)'
2023-10-28T19:50:28.851Z error: 'files validation failed: uploaded_by.tutor: Path `uploaded_by.tutor` is required.\n' +
  'ValidationError: files validation failed: uploaded_by.tutor: Path `uploaded_by.tutor` is required.\n' +
  '    at Document.invalidate (E:\\toddle_assignment\\node_modules\\mongoose\\lib\\document.js:3173:32)\n' +
  '    at E:\\toddle_assignment\\node_modules\\mongoose\\lib\\document.js:2966:17\n' +
  '    at E:\\toddle_assignment\\node_modules\\mongoose\\lib\\schematype.js:1367:9\n' +
  '    at process.processTicksAndRejections (node:internal/process/task_queues:77:11)'
2023-10-28T19:51:48.748Z error: 'files validation failed: uploaded_by.tutor: Path `uploaded_by.tutor` is required.\n' +
  'ValidationError: files validation failed: uploaded_by.tutor: Path `uploaded_by.tutor` is required.\n' +
  '    at Document.invalidate (E:\\toddle_assignment\\node_modules\\mongoose\\lib\\document.js:3173:32)\n' +
  '    at E:\\toddle_assignment\\node_modules\\mongoose\\lib\\document.js:2966:17\n' +
  '    at E:\\toddle_assignment\\node_modules\\mongoose\\lib\\schematype.js:1367:9\n' +
  '    at process.processTicksAndRejections (node:internal/process/task_queues:77:11)'
2023-10-28T19:52:19.960Z error: 'files validation failed: uploaded_by.tutor: Path `uploaded_by.tutor` is required.\n' +
  'ValidationError: files validation failed: uploaded_by.tutor: Path `uploaded_by.tutor` is required.\n' +
  '    at Document.invalidate (E:\\toddle_assignment\\node_modules\\mongoose\\lib\\document.js:3173:32)\n' +
  '    at E:\\toddle_assignment\\node_modules\\mongoose\\lib\\document.js:2966:17\n' +
  '    at E:\\toddle_assignment\\node_modules\\mongoose\\lib\\schematype.js:1367:9\n' +
  '    at process.processTicksAndRejections (node:internal/process/task_queues:77:11)'
2023-10-28T19:57:46.455Z error: 'uploaded_by is not defined\n' +
  'ReferenceError: uploaded_by is not defined\n' +
  '    at filesController.uploadFile (E:\\toddle_assignment\\controllers\\filesController.js:31:25)\n' +
  '    at E:\\toddle_assignment\\routes\\files.js:54:29\n' +
  '    at done (E:\\toddle_assignment\\node_modules\\multer\\lib\\make-middleware.js:45:7)\n' +
  '    at indicateDone (E:\\toddle_assignment\\node_modules\\multer\\lib\\make-middleware.js:49:68)\n' +
  '    at E:\\toddle_assignment\\node_modules\\multer\\lib\\make-middleware.js:155:11\n' +
  '    at WriteStream.<anonymous> (E:\\toddle_assignment\\node_modules\\multer\\storage\\disk.js:43:9)\n' +
  '    at WriteStream.emit (node:events:523:35)\n' +
  '    at finish (node:internal/streams/writable:757:10)\n' +
  '    at finishMaybe (node:internal/streams/writable:742:9)\n' +
  '    at afterWrite (node:internal/streams/writable:514:3)'
2023-10-28T21:28:52.615Z error: 'deleteFile is not defined\n' +
  'ReferenceError: deleteFile is not defined\n' +
  '    at filesController.deleteFile (E:\\toddle_assignment\\controllers\\filesController.js:90:13)\n' +
  '    at process.processTicksAndRejections (node:internal/process/task_queues:95:5)'
2023-10-28T21:29:39.365Z error: 'deleteFile is not defined\n' +
  'ReferenceError: deleteFile is not defined\n' +
  '    at filesController.deleteFile (E:\\toddle_assignment\\controllers\\filesController.js:90:13)\n' +
  '    at process.processTicksAndRejections (node:internal/process/task_queues:95:5)'
2023-10-28T22:18:30.511Z error: 'res.status.json is not a function\n' +
  'TypeError: res.status.json is not a function\n' +
  '    at filesController.getFiles (E:\\toddle_assignment\\controllers\\filesController.js:113:31)\n' +
  '    at process.processTicksAndRejections (node:internal/process/task_queues:95:5)'
2023-10-28T23:38:26.279Z error: 'filter is not defined\n' +
  'ReferenceError: filter is not defined\n' +
  '    at filesController.getFilesForTutor (E:\\toddle_assignment\\controllers\\filesController.js:159:78)\n' +
  '    at filesController.getFiles (E:\\toddle_assignment\\controllers\\filesController.js:142:40)\n' +
  '    at E:\\toddle_assignment\\routes\\files.js:74:21\n' +
  '    at Layer.handle [as handle_request] (E:\\toddle_assignment\\node_modules\\express\\lib\\router\\layer.js:95:5)\n' +
  '    at next (E:\\toddle_assignment\\node_modules\\express\\lib\\router\\route.js:144:13)\n' +
  '    at module.exports (E:\\toddle_assignment\\middleware\\checkAuth.js:9:9)\n' +
  '    at Layer.handle [as handle_request] (E:\\toddle_assignment\\node_modules\\express\\lib\\router\\layer.js:95:5)\n' +
  '    at next (E:\\toddle_assignment\\node_modules\\express\\lib\\router\\route.js:144:13)\n' +
  '    at Route.dispatch (E:\\toddle_assignment\\node_modules\\express\\lib\\router\\route.js:114:3)\n' +
  '    at Layer.handle [as handle_request] (E:\\toddle_assignment\\node_modules\\express\\lib\\router\\layer.js:95:5)'
2023-10-28T23:38:26.283Z error: 'filter is not defined'
2023-10-28T23:38:47.527Z error: 'filter is not defined\n' +
  'ReferenceError: filter is not defined\n' +
  '    at filesController.getFilesForTutor (E:\\toddle_assignment\\controllers\\filesController.js:159:78)\n' +
  '    at filesController.getFiles (E:\\toddle_assignment\\controllers\\filesController.js:142:40)\n' +
  '    at E:\\toddle_assignment\\routes\\files.js:74:21\n' +
  '    at Layer.handle [as handle_request] (E:\\toddle_assignment\\node_modules\\express\\lib\\router\\layer.js:95:5)\n' +
  '    at next (E:\\toddle_assignment\\node_modules\\express\\lib\\router\\route.js:144:13)\n' +
  '    at module.exports (E:\\toddle_assignment\\middleware\\checkAuth.js:9:9)\n' +
  '    at Layer.handle [as handle_request] (E:\\toddle_assignment\\node_modules\\express\\lib\\router\\layer.js:95:5)\n' +
  '    at next (E:\\toddle_assignment\\node_modules\\express\\lib\\router\\route.js:144:13)\n' +
  '    at Route.dispatch (E:\\toddle_assignment\\node_modules\\express\\lib\\router\\route.js:114:3)\n' +
  '    at Layer.handle [as handle_request] (E:\\toddle_assignment\\node_modules\\express\\lib\\router\\layer.js:95:5)'
2023-10-28T23:38:47.530Z error: 'filter is not defined'
